<component name="libraryTable">
  <library name="junit-4.11">
    <CLASSES>
      <root url="jar://$PROJECT_DIR$/libs/junit-4.11/hamcrest-core-1.3.jar!/" />
      <root url="jar://$PROJECT_DIR$/libs/junit-4.11/hamcrest-core-1.3-sources.jar!/" />
      <root url="jar://$PROJECT_DIR$/libs/junit-4.11/junit-4.11.jar!/" />
      <root url="jar://$PROJECT_DIR$/libs/junit-4.11/junit-4.11-sources.jar!/" />
      <root url="jar://$PROJECT_DIR$/libs/junit-4.11/hamcrest-core-1.3-javadoc.jar!/" />
      <root url="jar://$PROJECT_DIR$/libs/junit-4.11/junit-4.11-javadoc.jar!/" />
    </CLASSES>
    <JAVADOC />
    <SOURCES />
  </library>
</component>